<?xml version="1.0" encoding="UTF-8"?>
<testsuite xmlns:xsi="http://www.w3.org/2001/XMLSchema-instance" xsi:noNamespaceSchemaLocation="https://maven.apache.org/surefire/maven-surefire-plugin/xsd/surefire-test-report.xsd" name="com.code.mobilise.service.concrete.BookServiceImplTest" time="0.311" tests="10" errors="0" skipped="0" failures="0">
  <properties>
[...]
</properties>
  <testcase name="testUpdateNonExistentBook" classname="com.code.mobilise.service.concrete.BookServiceImplTest" time="0.23"/>
  <testcase name="testSearchBooks" classname="com.code.mobilise.service.concrete.BookServiceImplTest" time="0.017"/>
  <testcase name="testGetAllBooks" classname="com.code.mobilise.service.concrete.BookServiceImplTest" time="0.005"/>
  <testcase name="testCreateBookAlreadyExists" classname="com.code.mobilise.service.concrete.BookServiceImplTest" time="0.007"/>
  <testcase name="testUpdateBookSuccess" classname="com.code.mobilise.service.concrete.BookServiceImplTest" time="0.017"/>
  <testcase name="testGetBookByNonExistentId" classname="com.code.mobilise.service.concrete.BookServiceImplTest" time="0.005"/>
  <testcase name="testDeleteBookSuccess" classname="com.code.mobilise.service.concrete.BookServiceImplTest" time="0.004"/>
  <testcase name="testGetBookByIdSuccess" classname="com.code.mobilise.service.concrete.BookServiceImplTest" time="0.003"/>
  <testcase name="testCreateBookSuccess" classname="com.code.mobilise.service.concrete.BookServiceImplTest" time="0.005"/>
  <testcase name="testDeleteNonExistentBook" classname="com.code.mobilise.service.concrete.BookServiceImplTest" time="0.003"/>
</testsuite>